Iteration 0 Time: 0 0.0006875
Iteration 1000 Time: 2 0.002
Iteration 2000 Time: 3 0.083625
Iteration 3000 Time: 5 0.408313
Iteration 4000 Time: 6 4.00956
Iteration 5000 Time: 8 9.15081
Iteration 6000 Time: 9 12.3067
Iteration 7000 Time: 11 14.0299
Iteration 8000 Time: 13 14.7388
Iteration 9000 Time: 14 14.8072
Iteration 10000 Time: 16 14.9245
Iteration 11000 Time: 17 14.8689
Iteration 12000 Time: 19 15.0776
Iteration 13000 Time: 20 15.0486
Iteration 14000 Time: 22 15.0799
Iteration 15000 Time: 23 14.9542
Iteration 16000 Time: 25 14.9791
Iteration 17000 Time: 26 15.0069
Iteration 18000 Time: 28 14.9761
Iteration 19000 Time: 30 14.9571
Iteration 20000 Time: 31 15.1231
Iteration 21000 Time: 33 15.0338
Iteration 22000 Time: 34 15.1359
Iteration 23000 Time: 36 14.9232
Iteration 24000 Time: 37 14.8759
Iteration 25000 Time: 39 14.9581
Iteration 26000 Time: 40 14.9714
Iteration 27000 Time: 42 15.0753
Iteration 28000 Time: 44 14.8762
Iteration 29000 Time: 45 15.1164
Iteration 30000 Time: 47 15.0187
Iteration 31000 Time: 48 14.9972
Iteration 32000 Time: 50 15.0519
Iteration 33000 Time: 51 14.8909
Iteration 34000 Time: 53 14.9488
Iteration 35000 Time: 54 14.9871
Iteration 36000 Time: 56 15.0399
Iteration 37000 Time: 58 15.1519
Iteration 38000 Time: 59 15.0861
Iteration 39000 Time: 61 15.0326
Iteration 40000 Time: 62 15.1563
Iteration 41000 Time: 64 15.0991
Iteration 42000 Time: 65 15.1154
Iteration 43000 Time: 67 15.1037
Iteration 44000 Time: 68 15.007
Iteration 45000 Time: 70 15.0527
Iteration 46000 Time: 72 15.0261
Iteration 47000 Time: 73 14.9887
Iteration 48000 Time: 75 14.9651
Iteration 49000 Time: 76 14.9677
Iteration 50000 Time: 78 15.1165
Iteration 51000 Time: 79 15.0645
Iteration 52000 Time: 81 15.1135
Iteration 53000 Time: 83 15.1606
Iteration 54000 Time: 84 15.1934
Iteration 55000 Time: 86 15.1175
Iteration 56000 Time: 87 15.1017
Iteration 57000 Time: 89 15.0803
Iteration 58000 Time: 90 15.2178
Iteration 59000 Time: 92 15.1643
Iteration 60000 Time: 94 15.0605
Iteration 61000 Time: 95 15.1544
Iteration 62000 Time: 97 15.0642
Iteration 63000 Time: 98 15.2486
Iteration 64000 Time: 100 15.1653
Iteration 65000 Time: 101 15.2232
Iteration 66000 Time: 103 15.2082
Iteration 67000 Time: 105 15.2157
Iteration 68000 Time: 106 15.4389
Iteration 69000 Time: 108 15.3904
Iteration 70000 Time: 109 15.4041
Iteration 71000 Time: 111 15.4708
Iteration 72000 Time: 113 15.5512
Iteration 73000 Time: 114 15.391
Iteration 74000 Time: 116 15.501
Iteration 75000 Time: 117 15.4815
Iteration 76000 Time: 119 15.5681
Iteration 77000 Time: 120 15.4962
Iteration 78000 Time: 122 15.5325
Iteration 79000 Time: 124 15.6408
Iteration 80000 Time: 125 15.7111
Iteration 81000 Time: 127 15.5123
Iteration 82000 Time: 128 15.7898
Iteration 83000 Time: 130 15.9558
Iteration 84000 Time: 131 15.8187
Iteration 85000 Time: 133 16.0407
Iteration 86000 Time: 135 16.0162
Iteration 87000 Time: 136 16.2952
Iteration 88000 Time: 138 16.1693
Iteration 89000 Time: 139 16.2337
Iteration 90000 Time: 141 16.2626
Iteration 91000 Time: 143 16.5449
Iteration 92000 Time: 144 16.3839
Iteration 93000 Time: 146 16.5964
Iteration 94000 Time: 147 16.622
Iteration 95000 Time: 149 16.6276
Iteration 96000 Time: 150 16.7846
Iteration 97000 Time: 152 16.7572
Iteration 98000 Time: 154 16.9364
Iteration 99000 Time: 155 16.9211
Evaluation score: 15.7252
