Game 0
Gems:   4 3 3 0 3 4 4 1 1 3 
Locked: 0 0 0 0 0 0 0 0 0 0 
Policy: 0.00334945 0.995729 0.996243 0.00173603 0.993143 0.00584064 0.019466 0.00154919 0.00330431 0.99599 
Actions: 0 1 1 0 1 0 0 0 0 1 
Reward: 0

Gems:   3 3 3 2 3 1 3 0 3 3 
Locked: 0 1 1 0 1 0 0 0 0 1 
Policy: 0.988092 . . 0.0184238 . 0.00542279 0.999207 0.0102123 0.995376 . 
Actions: 1 . . 0 . 0 1 0 1 . 
Reward: 0

Gems:   3 3 3 3 3 4 3 1 3 3 
Locked: 1 1 1 0 1 0 1 0 1 1 
Policy: . . . 0.99374 . 0.0134748 . 0.00346485 . . 
Actions: . . . 1 . 0 . 0 . . 
Reward: 54

Game 1
Gems:   4 3 4 0 1 3 4 0 4 4 
Locked: 0 0 0 0 0 0 0 0 0 0 
Policy: 0.000704278 0.993928 0.0351452 0.00333482 0.034008 0.985511 0.00738582 0.00375271 0.00528105 0.00314926 
Actions: 0 1 0 0 0 1 0 0 0 0 
Reward: 0

Gems:   1 3 1 1 4 3 1 0 3 1 
Locked: 0 1 0 0 0 1 0 0 0 0 
Policy: 0.00770602 . 0.0331813 0.00170744 0.00437547 . 0.0446404 0.0168607 0.990395 0.00355604 
Actions: 0 . 0 0 0 . 0 0 1 0 
Reward: 0

Gems:   4 3 3 0 3 3 0 2 3 2 
Locked: 0 1 0 0 0 1 0 0 1 0 
Policy: 0.00125743 . 0.99604 0.00258245 0.988234 . 0.034236 0.0863533 . 0.0386588 
Actions: 0 . 1 0 1 . 0 0 . 0 
Reward: 10

Game 2
Gems:   0 3 0 4 4 0 0 4 1 4 
Locked: 0 0 0 0 0 0 0 0 0 0 
Policy: 0.0027531 0.97637 0.0131857 0.00337614 0.0524799 0.0118684 0.00670373 0.00391721 0.00191043 0.00320503 
Actions: 0 1 0 0 0 0 1 0 0 0 
Reward: 0

Gems:   1 3 2 4 3 1 0 4 0 0 
Locked: 0 1 0 0 0 0 1 0 0 0 
Policy: 0.00586342 . 0.135536 0.00399379 0.959334 0.00379343 . 0.0126002 0.00420646 0.00341774 
Actions: 0 . 0 0 0 0 . 0 0 0 
Reward: 0

Gems:   0 3 4 3 3 4 0 2 3 3 
Locked: 0 1 0 0 0 0 1 0 0 0 
Policy: 0.00331101 . 0.0153138 0.983166 0.986801 0.00369875 . 0.00959006 0.997096 0.984531 
Actions: 0 . 0 1 1 0 . 0 1 1 
Reward: 8

Game 3
Gems:   3 2 2 4 1 2 4 1 4 2 
Locked: 0 0 0 0 0 0 0 0 0 0 
Policy: 0.102311 0.978078 0.994823 0.00727988 0.0166769 0.960046 0.00496563 0.00843564 0.00586125 0.989948 
Actions: 0 1 1 0 0 1 0 0 0 1 
Reward: 0

Gems:   0 2 2 2 4 2 1 1 3 2 
Locked: 0 1 1 0 0 1 0 0 0 1 
Policy: 0.0145476 . . 0.998266 0.00886846 . 0.0189014 0.00827469 0.0503016 . 
Actions: 0 . . 1 0 . 0 0 0 . 
Reward: 0

Gems:   4 2 2 2 3 2 1 2 0 2 
Locked: 0 1 1 1 0 1 0 0 0 1 
Policy: 0.0147709 . . . 0.0289998 . 0.0342492 0.976399 0.00470179 . 
Actions: 0 . . . 0 . 0 1 0 . 
Reward: 26

Game 4
Gems:   3 1 1 4 0 2 1 2 1 0 
Locked: 0 0 0 0 0 0 0 0 0 0 
Policy: 0.323802 0.00163507 0.00738052 0.0171642 0.0190481 0.95015 0.00665174 0.931951 0.0134329 0.00604716 
Actions: 0 0 0 0 0 1 0 1 0 0 
Reward: 0

Gems:   2 2 0 3 2 2 0 2 3 2 
Locked: 0 0 0 0 0 1 0 1 0 0 
Policy: 0.992228 0.963261 0.0271145 0.0115843 0.985685 . 0.0114987 . 0.0504481 0.993887 
Actions: 1 1 0 0 1 . 0 . 0 1 
Reward: 0

Gems:   2 2 2 3 2 2 2 2 3 2 
Locked: 1 1 0 0 1 1 0 1 0 1 
Policy: . . 0.999187 0.0844104 . . 0.998444 . 0.11903 . 
Actions: . . 1 0 . . 1 . 0 . 
Reward: 38

