.  .  .  .  .  
.  .  1  .  .C 
.  2  0  .  .  
.  .  .  .  .  
.  .  .  .  .  
Carrot Type: 2

Policy:
-1 -1 0.000514549 -1 -1 -1 -1 -1 -1 -1 0.00142476 -1 -1 -1 -1 -1 -1 -1 -1 -1 -1 -1 -1 -1 -1 -1 -1 -1 -1 -1 -1 -1 -1 -1 -1 -1 -1 -1 -1 -1 1.39676e-05 -1 0.879092 -1 -1 -1 -1 6.9672e-05 -1 -1 -1 -1 -1 1.45955e-07 -1 -1 -1 -1 -1 -1 -1 -1 -1 0.118885 1.89027e-09 -1 -1 -1 -1 -1 -1 -1 -1 -1 -1 
.  .  .  .  .  
.  .  .  .  .C 
.  2  0  .  .  
.  .  1  .  .  
.  .  .  .  .  
Carrot Type: 2

Policy:
-1 -1 -1 -1 -1 -1 -1 -1 -1 -1 5.83758e-05 -1 -1 -1 -1 -1 -1 -1 -1 -1 -1 -1 4.34811e-05 -1 -1 -1 -1 3.57869e-09 -1 -1 1.3653e-09 -1 1.71598e-06 -1 -1 -1 -1 -1 -1 -1 -1 -1 -1 -1 -1 -1 -1 -1 -1 -1 -1 -1 -1 -1 -1 -1 -1 -1 -1 -1 -1 -1 -1 0.999831 9.74793e-11 -1 -1 -1 -1 -1 -1 -1 -1 6.55469e-05 -1 
.  .  .  .  .  
.  .  .  .  .C 
.  .  0  2  .  
.  .  1  .  .  
.  .  .  .  .  
Carrot Type: 2

Policy:
-1 -1 -1 -1 -1 -1 -1 -1 -1 -1 -1 -1 -1 -1 6.16676e-05 -1 -1 -1 -1 -1 -1 -1 0.00052674 -1 -1 -1 -1 2.06689e-09 -1 -1 -1 -1 9.86571e-07 -1 0.000169825 -1 -1 -1 -1 -1 -1 -1 -1 -1 -1 -1 -1 -1 -1 -1 -1 -1 -1 -1 -1 -1 -1 -1 -1 -1 2.95191e-08 1.44986e-05 -1 -1 -1 -1 -1 -1 -1 -1 -1 0.999226 -1 -1 -1 
.  .  .  .  .  
.  .  .  .  .C 
.  .  0  .  .  
.  .  1  .  .  
.  2  .  .  .  
Carrot Type: 2

Policy:
-1 -1 -1 -1 -1 -1 -1 -1 -1 -1 -1 -1 -1 -1 -1 -1 -1 -1 -1 -1 -1 -1 2.62922e-07 -1 -1 -1 -1 1.36895e-13 -1 -1 -1 -1 2.47996e-13 -1 -1 -1 -1 -1 -1 -1 -1 -1 -1 -1 -1 -1 -1 -1 -1 -1 -1 -1 -1 -1 -1 -1 -1 -1 -1 0.999977 -1 -1 -1 2.30823e-05 -1 -1 -1 -1 -1 -1 -1 -1 -1 -1 -1 
.  .  .  .  .  
.  .  .  .  2  
.  .  0  .  .  
.  .  1  .C .  
.  .  .  .  .  
Carrot Type: 2

Policy:
-1 -1 -1 -1 -1 -1 -1 -1 -1 -1 -1 -1 -1 -1 -1 -1 -1 -1 -1 -1 -1 -1 6.15796e-05 -1 -1 -1 -1 1.01824e-05 -1 -1 -1 -1 0.984264 -1 -1 -1 -1 -1 -1 -1 -1 -1 -1 -1 -1 -1 -1 -1 -1 -1 -1 -1 -1 -1 -1 -1 -1 -1 -1 -1 -1 -1 -1 -1 -1 -1 -1 -1 -1 -1 -1 0.0156643 -1 -1 -1 
.  .  .  .  .  
.  .  1  .  2  
.  .  0  .  .  
.  .  .  .C .  
.  .  .  .  .  
Carrot Type: 2

Policy:
-1 -1 6.15324e-06 -1 -1 -1 -1 -1 -1 -1 -1 -1 -1 -1 -1 -1 -1 -1 -1 -1 -1 -1 -1 -1 -1 -1 -1 -1 -1 -1 -1 -1 -1 -1 -1 -1 -1 -1 -1 -1 -1 -1 0.0005778 -1 -1 -1 -1 2.76232e-06 -1 -1 -1 -1 -1 -1 -1 0.0152661 0.984147 -1 -1 -1 -1 -1 -1 -1 -1 -1 -1 -1 -1 -1 -1 -1 -1 -1 -1 
.  .  .  .  .  
.  2  1  .  .  
.  .  0  .  .  
.  .  .  .C .  
.  .  .  .  .  
Carrot Type: 2

Policy:
4.11227e-08 -1 1.09281e-06 -1 -1 -1 -1 -1 -1 -1 -1 -1 -1 -1 -1 -1 -1 -1 -1 -1 -1 -1 -1 -1 -1 -1 -1 -1 -1 -1 2.9543e-09 -1 -1 -1 -1 -1 -1 -1 -1 -1 -1 -1 6.91167e-08 -1 -1 -1 -1 1.0763e-09 -1 -1 -1 -1 -1 -1 -1 -1 -1 -1 0.000587433 6.05933e-07 -1 -1 -1 -1 -1 -1 -1 -1 0.997746 -1 -1 -1 -1 -1 0.00166518 
.  .C .  .  .  
.  .  1  .  .  
.  .  0  .  .  
.  .  .  2  .  
.  .  .  .  .  
Carrot Type: 2

Policy:
-1 -1 0.00130352 -1 -1 -1 -1 -1 -1 -1 -1 -1 -1 -1 -1 -1 -1 -1 -1 -1 -1 -1 -1 -1 4.28587e-06 -1 -1 -1 -1 -1 -1 -1 -1 -1 -1 -1 -1 -1 -1 -1 -1 -1 0.0303393 -1 -1 -1 -1 2.36499e-05 -1 -1 0.964323 -1 -1 -1 -1 -1 0.00400612 -1 -1 -1 -1 -1 -1 -1 -1 -1 -1 -1 -1 -1 -1 -1 -1 -1 -1 
2  .C .  .  .  
.  .  1  .  .  
.  .  0  .  .  
.  .  .  .  .  
.  .  .  .  .  
Carrot Type: 2

Policy:
-1 -1 0.994677 -1 -1 -1 -1 -1 -1 -1 -1 -1 -1 -1 -1 -1 -1 -1 -1 -1 -1 -1 -1 -1 -1 -1 -1 -1 -1 -1 -1 -1 -1 -1 -1 -1 -1 -1 -1 -1 -1 -1 1.56605e-05 -1 -1 -1 -1 0.000367863 -1 -1 -1 -1 -1 -1 -1 -1 -1 -1 -1 -1 -1 -1 -1 -1 -1 -1 -1 -1 0.00383337 -1 -1 -1 -1 -1 0.00110657 
2  .C 0  .  .  
.  .  1  .  .  
.  .  .  .  .  
.  .  .  .  .  
.  .  .  .  .  
Carrot Type: 2

Policy:
-1 -1 -1 -1 -1 -1 -1 -1 -1 -1 -1 -1 2.81008e-05 -1 -1 -1 -1 1.50409e-08 -1 -1 -1 -1 9.0481e-11 -1 -1 -1 -1 -1 -1 -1 -1 -1 -1 -1 -1 -1 -1 -1 -1 -1 -1 -1 -1 -1 -1 -1 -1 -1 -1 -1 -1 -1 -1 0.996083 0.00388928 -1 -1 -1 -1 -1 -1 -1 -1 -1 -1 -1 -1 -1 -1 -1 -1 -1 -1 -1 -1 
.  .C 0  2  .  
.  .  1  .  .  
.  .  .  .  .  
.  .  .  .  .  
.  .  .  .  .  
Carrot Type: 2

Policy:
-1 -1 -1 -1 8.49285e-07 -1 -1 -1 -1 -1 -1 -1 9.26782e-09 -1 -1 -1 -1 2.86502e-10 -1 -1 -1 -1 2.19432e-12 -1 -1 -1 -1 -1 -1 -1 -1 -1 -1 -1 -1 -1 -1 -1 -1 -1 -1 -1 -1 -1 -1 -1 -1 -1 -1 -1 5.39624e-08 0.999999 -1 -1 -1 -1 -1 -1 -1 -1 -1 1.33326e-10 -1 -1 -1 4.25335e-10 -1 -1 -1 -1 -1 -1 -1 -1 -1 
.C 2  0  .  .  
.  .  1  .  .  
.  .  .  .  .  
.  .  .  .  .  
.  .  .  .  .  
Carrot Type: 1

Policy:
2.59718e-06 -1 -1 -1 -1 -1 -1 -1 -1 -1 -1 -1 0.00251021 -1 -1 -1 -1 5.83024e-08 -1 -1 -1 -1 1.85167e-08 -1 -1 -1 -1 -1 -1 -1 -1 -1 -1 -1 -1 -1 -1 -1 -1 -1 -1 -1 -1 -1 -1 -1 -1 -1 -1 -1 -1 -1 -1 0.000107133 1.48456e-06 -1 -1 -1 -1 -1 -1 -1 -1 0.997376 -1 -1 -1 -1 -1 2.12372e-06 -1 -1 -1 -1 -1 
.C .  0  .  .  
.  .  1  .  .  
.  .  .  2  .  
.  .  .  .  .  
.  .  .  .  .  
Carrot Type: 1

Policy:
-1 -1 -1 -1 -1 -1 -1 -1 -1 -1 -1 -1 0.995251 -1 -1 -1 -1 0.00460709 -1 -1 -1 -1 1.61147e-05 -1 -1 -1 -1 -1 -1 -1 -1 -1 -1 -1 -1 -1 -1 -1 -1 -1 -1 -1 -1 -1 1.14182e-06 -1 -1 -1 -1 -1 -1 0.000124995 -1 -1 -1 -1 -1 -1 -1 -1 -1 -1 -1 -1 -1 -1 -1 -1 -1 -1 -1 -1 -1 -1 -1 
.C .  .  .  .  
.  .  1  .  .  
.  .  0  2  .  
.  .  .  .  .  
.  .  .  .  .  
Carrot Type: 1

Policy:
-1 -1 1.659e-06 -1 -1 -1 -1 -1 -1 -1 -1 -1 -1 -1 8.2912e-06 -1 -1 -1 -1 -1 -1 -1 -1 -1 -1 -1 -1 -1 -1 -1 -1 -1 -1 -1 -1 -1 -1 -1 -1 -1 -1 -1 0.004881 -1 6.18474e-07 -1 -1 2.04612e-06 -1 -1 -1 1.69859e-06 -1 -1 -1 -1 -1 -1 -1 -1 2.48632e-07 0.995104 -1 -1 -1 -1 -1 -1 -1 -1 -1 -1 -1 -1 -1 
.C .  .  .  .  
.  .  1  .  .  
.  2  0  .  .  
.  .  .  .  .  
.  .  .  .  .  
Carrot Type: 1

Policy:
-1 -1 1.19155e-08 -1 -1 -1 -1 -1 -1 -1 6.76542e-06 -1 -1 -1 -1 -1 -1 -1 -1 -1 -1 -1 -1 -1 -1 -1 -1 -1 -1 -1 -1 -1 -1 -1 -1 -1 -1 -1 -1 -1 0.999993 -1 2.94364e-09 -1 -1 -1 -1 1.4156e-09 -1 -1 -1 -1 -1 5.26032e-09 -1 -1 -1 -1 -1 -1 -1 -1 -1 4.48882e-09 8.37698e-09 -1 -1 -1 -1 -1 -1 -1 -1 -1 -1 
.C .  .  .  .  
.  .  .  .  .  
.  2  0  .  .  
1  .  .  .  .  
.  .  .  .  .  
Carrot Type: 1

Policy:
-1 -1 -1 -1 -1 -1 -1 -1 -1 -1 0.999014 -1 -1 -1 -1 -1 -1 -1 -1 -1 -1 -1 -1 -1 -1 -1 -1 -1 0.000938934 -1 -1 -1 4.63986e-05 -1 -1 -1 -1 -1 -1 -1 -1 -1 -1 -1 -1 -1 -1 -1 -1 -1 -1 -1 -1 -1 -1 -1 -1 -1 -1 -1 -1 -1 -1 3.60358e-07 5.30224e-07 -1 -1 -1 -1 -1 -1 -1 -1 -1 -1 
.C .  .  .  .  
.  .  .  .  .  
0  2  .  .  .  
1  .  .  .  .  
.  .  .  .  .  
Carrot Type: 1

Policy:
-1 -1 -1 -1 -1 -1 -1 -1 -1 -1 -1 -1 1.34259e-08 2.21999e-08 8.73293e-10 -1 -1 -1 -1 -1 1.19012e-07 -1 -1 -1 -1 0.999974 -1 -1 4.11017e-08 -1 2.58225e-05 -1 7.00085e-09 -1 -1 -1 -1 -1 -1 -1 -1 -1 -1 -1 -1 -1 -1 -1 -1 -1 -1 -1 -1 -1 -1 -1 -1 -1 -1 -1 -1 -1 -1 -1 -1 -1 -1 -1 -1 -1 -1 -1 -1 -1 -1 
1  .  .  .  .  
.  .  .  .  .  
0  2  .  .  .  
.  .C .  .  .  
.  .  .  .  .  
Carrot Type: 1

Policy:
-1 -1 -1 -1 -1 -1 -1 -1 -1 -1 -1 -1 0.0426376 8.88528e-06 4.00455e-07 -1 -1 -1 -1 -1 -1 -1 -1 -1 -1 -1 -1 -1 -1 -1 -1 -1 -1 -1 -1 -1 -1 -1 -1 -1 0.0121852 -1 -1 -1 -1 0.945168 -1 -1 -1 -1 -1 -1 -1 -1 -1 -1 -1 -1 -1 -1 -1 -1 -1 -1 -1 -1 -1 -1 -1 -1 -1 -1 -1 -1 -1 
.  .  .  .  .  
.  .  .  .  .  
0  2  .  .  .  
.  .C .  .  .  
1  .  .  .  .  
Carrot Type: 1

Policy:
-1 -1 -1 -1 -1 -1 -1 -1 -1 -1 -1 -1 0.963653 1.75237e-06 4.19236e-08 -1 -1 -1 -1 -1 -1 -1 -1 -1 -1 0.024568 -1 -1 -1 -1 0.0117773 -1 -1 -1 -1 -1 -1 -1 -1 -1 -1 -1 -1 -1 -1 -1 -1 -1 -1 -1 -1 -1 -1 -1 -1 -1 -1 -1 -1 -1 -1 -1 -1 -1 -1 -1 -1 -1 -1 -1 -1 -1 -1 -1 -1 
.  .  .  .  .  
.  .  .  .  .  
.  2  0  .  .  
.  .C .  .  .  
1  .  .  .  .  
Carrot Type: 1

Policy:
-1 -1 -1 -1 -1 -1 -1 -1 -1 -1 0.00460409 -1 -1 -1 -1 -1 -1 -1 -1 -1 -1 -1 -1 -1 -1 -1 -1 -1 -1 0.98615 -1 -1 -1 0.00923604 -1 -1 -1 -1 -1 -1 -1 -1 -1 -1 -1 -1 -1 -1 -1 -1 -1 -1 -1 -1 -1 -1 -1 -1 -1 -1 -1 -1 -1 8.87933e-06 5.79523e-07 -1 -1 -1 -1 -1 -1 -1 -1 -1 -1 
.  .  .  .  1  
.  .  .  .  .  
.  2  0  .  .  
.  .C .  .  .  
.  .  .  .  .  
Carrot Type: 1

Policy:
-1 -1 -1 -1 -1 -1 -1 -1 -1 -1 2.74e-08 -1 -1 -1 -1 -1 -1 -1 -1 -1 -1 -1 -1 -1 -1 -1 -1 -1 -1 -1 -1 -1 -1 -1 -1 -1 -1 -1 -1 -1 -1 0.999918 -1 -1 -1 8.23365e-05 -1 -1 -1 -1 -1 -1 -1 -1 -1 -1 -1 -1 -1 -1 -1 -1 -1 5.31812e-11 4.89797e-12 -1 -1 -1 -1 -1 -1 -1 -1 -1 -1 
.  .  .  .  .  
.  .  .  .C .  
.  2  0  .  .  
.  1  .  .  .  
.  .  .  .  .  
Carrot Type: 0

Policy:
-1 -1 -1 -1 -1 -1 -1 -1 -1 -1 6.26922e-06 -1 -1 -1 -1 -1 -1 -1 -1 -1 6.91069e-06 -1 -1 -1 -1 -1 0.000263963 -1 -1 1.15757e-05 -1 0.999589 -1 9.51648e-05 -1 -1 -1 -1 -1 -1 -1 -1 -1 -1 -1 -1 -1 -1 -1 -1 -1 -1 -1 -1 -1 -1 -1 -1 -1 -1 -1 -1 -1 2.55788e-05 7.20414e-09 -1 -1 -1 -1 -1 -1 1.03747e-06 -1 -1 -1 
.  .  .  .  .  
.  1  .  .C .  
.  2  0  .  .  
.  .  .  .  .  
.  .  .  .  .  
Carrot Type: 0

Policy:
3.17973e-05 -1 -1 -1 -1 -1 -1 -1 -1 -1 1.25375e-06 -1 -1 -1 -1 -1 -1 -1 -1 -1 -1 -1 -1 -1 -1 -1 -1 -1 -1 -1 -1 -1 -1 -1 -1 -1 -1 -1 -1 -1 -1 1.79441e-05 -1 0.011685 -1 -1 0.98761 -1 -1 0.000205058 -1 0.000356661 -1 -1 -1 -1 -1 -1 -1 -1 -1 -1 -1 9.17987e-05 1.74612e-07 -1 -1 -1 -1 -1 -1 -1 -1 -1 -1 
.  .  .  .  .  
.  .  .  .C .  
.  2  0  .  .  
.  .  .  .  .  
.  1  .  .  .  
Carrot Type: 0

Policy:
-1 -1 -1 -1 -1 -1 -1 -1 -1 -1 2.4219e-06 -1 -1 -1 -1 -1 -1 -1 -1 -1 -1 -1 -1 -1 -1 -1 9.93993e-06 -1 -1 -1 -1 0.000117474 -1 -1 -1 -1 -1 -1 -1 -1 -1 -1 -1 -1 -1 -1 -1 -1 -1 -1 -1 -1 -1 -1 -1 -1 -1 -1 -1 -1 -1 -1 -1 0.999866 4.01627e-06 -1 -1 -1 -1 -1 -1 -1 -1 -1 -1 
.  .  .  .  .  
.  .  .  .C .  
.  .  0  2  .  
.  .  .  .  .  
.  1  .  .  .  
Carrot Type: 0

Policy:
-1 -1 -1 -1 -1 -1 -1 -1 -1 -1 -1 -1 -1 -1 3.53836e-09 -1 -1 -1 -1 -1 -1 -1 -1 -1 -1 -1 -1 -1 -1 -1 -1 -1 -1 -1 0.999971 -1 -1 -1 -1 -1 -1 -1 -1 -1 -1 -1 -1 -1 -1 -1 -1 -1 -1 -1 -1 -1 -1 -1 -1 -1 5.82013e-07 2.86379e-05 -1 -1 -1 -1 -1 -1 -1 -1 -1 -1 -1 -1 -1 
.  .  .  .  .  
.  .  .  .C 1  
.  .  0  2  .  
.  .  .  .  .  
.  .  .  .  .  
Carrot Type: 0

Policy:
-1 -1 -1 -1 -1 -1 -1 -1 -1 -1 -1 -1 -1 -1 2.54971e-15 -1 -1 -1 -1 -1 -1 -1 -1 -1 -1 -1 -1 -1 -1 -1 -1 -1 -1 -1 -1 -1 -1 -1 -1 -1 -1 -1 1 -1 -1 -1 3.64478e-07 -1 -1 -1 -1 -1 -1 -1 -1 -1 -1 -1 -1 -1 2.03085e-13 3.10188e-10 -1 -1 -1 -1 -1 -1 -1 -1 -1 -1 -1 -1 -1 
.  .  .  .  .  
.  .  .  .C .  
.  .  0  2  .  
.  .  1  .  .  
.  .  .  .  .  
Carrot Type: 0

Policy:
-1 -1 -1 -1 -1 -1 -1 -1 -1 -1 -1 -1 -1 -1 2.72979e-09 -1 -1 -1 -1 -1 -1 -1 0.999683 -1 -1 -1 -1 6.21954e-12 -1 -1 -1 -1 2.46631e-09 -1 2.57072e-09 -1 -1 -1 -1 -1 -1 -1 -1 -1 -1 -1 -1 -1 -1 -1 -1 -1 -1 -1 -1 -1 -1 -1 -1 -1 2.59702e-08 2.34129e-05 -1 -1 -1 -1 -1 -1 -1 -1 -1 0.000293065 -1 -1 -1 
.  .  .  .  .  
.  .  .  .C .  
.  .  .  2  .  
.  .  1  .  .  
.  .  0  .  .  
Carrot Type: 0

Policy:
-1 -1 4.7385e-10 -1 -1 -1 -1 0.999969 -1 -1 -1 -1 3.28485e-08 -1 -1 -1 -1 -1 -1 -1 -1 -1 -1 -1 -1 -1 -1 -1 -1 -1 -1 -1 -1 -1 5.09794e-10 -1 -1 -1 -1 -1 -1 -1 -1 -1 -1 -1 -1 -1 -1 -1 -1 -1 -1 -1 -1 -1 -1 -1 -1 -1 -1 -1 -1 -1 -1 -1 -1 -1 -1 -1 -1 3.14046e-05 -1 -1 -1 
.  .  .  .  .  
.  .  0  .C .  
.  .  .  2  .  
.  .  1  .  .  
.  .  .  .  .  
Carrot Type: 0

Policy:
-1 -1 -1 -1 -1 -1 -1 -1 -1 -1 -1 -1 -1 -1 -1 -1 -1 -1 -1 0.000314386 -1 -1 3.92438e-05 -1 -1 -1 -1 0.000172816 -1 -1 -1 -1 -1 -1 0.00404564 -1 -1 -1 -1 -1 -1 -1 -1 -1 -1 -1 -1 -1 -1 -1 -1 0.00650967 -1 -1 -1 -1 -1 -1 -1 -1 -1 -1 -1 -1 -1 -1 -1 -1 -1 -1 -1 0.988918 -1 -1 -1 
.  .  .  .  .  
.  .  0  .C .  
.  .  .  .  .  
.  .  1  .  .  
.  2  .  .  .  
Carrot Type: 0

Policy:
-1 -1 -1 -1 -1 -1 -1 -1 -1 -1 -1 -1 -1 -1 -1 -1 -1 -1 -1 -1 -1 -1 0.000281232 -1 -1 -1 -1 8.11964e-07 -1 -1 -1 -1 -1 -1 -1 -1 -1 -1 -1 -1 -1 -1 -1 -1 -1 -1 -1 -1 -1 -1 -1 -1 -1 -1 -1 -1 -1 -1 -1 0.999358 -1 -1 -1 0.000359458 -1 -1 -1 -1 -1 -1 -1 -1 -1 -1 -1 
.  .  .  .  .  
.  .  0  .C 2  
.  .  .  .  .  
.  .  1  .  .  
.  .  .  .  .  
Carrot Type: 0

Policy:
-1 -1 -1 -1 -1 -1 -1 -1 -1 -1 -1 -1 -1 -1 -1 -1 -1 -1 -1 -1 -1 -1 2.66758e-09 -1 -1 -1 -1 7.98763e-10 -1 -1 -1 -1 -1 -1 -1 -1 -1 -1 -1 -1 -1 -1 -1 -1 -1 -1 -1 -1 -1 -1 -1 -1 -1 -1 -1 3.5477e-05 0.999962 -1 -1 -1 -1 -1 -1 -1 -1 -1 -1 -1 -1 -1 -1 2.61299e-06 -1 -1 -1 
.  .  .  .  .  
.  2  0  .C .  
.  .  .  .  .  
.  .  1  .  .  
.  .  .  .  .  
Carrot Type: 0

Policy:
-1 -1 -1 -1 -1 0.997169 -1 -1 -1 -1 -1 -1 -1 -1 -1 -1 -1 -1 -1 -1 -1 -1 0.000108929 -1 -1 -1 -1 1.61386e-05 -1 -1 -1 -1 -1 -1 -1 -1 -1 -1 -1 -1 -1 -1 -1 -1 -1 -1 -1 -1 -1 -1 -1 -1 -1 -1 -1 -1 -1 -1 0.00263282 7.35554e-05 -1 -1 -1 -1 -1 -1 -1 -1 -1 -1 -1 -1 -1 -1 -1 
.  .  .  .  .  
0  2  .  .C .  
.  .  .  .  .  
.  .  1  .  .  
.  .  .  .  .  
Carrot Type: 0

Policy:
-1 -1 -1 -1 -1 -1 -1 0.00470872 0.995214 1.22181e-05 -1 -1 -1 -1 -1 -1 -1 -1 -1 -1 -1 -1 -1 6.50433e-05 -1 -1 -1 -1 -1 -1 -1 -1 -1 -1 -1 -1 -1 -1 -1 -1 -1 -1 -1 -1 -1 -1 -1 -1 -1 -1 -1 -1 -1 -1 -1 -1 -1 -1 -1 -1 -1 -1 -1 -1 -1 -1 -1 -1 -1 -1 -1 -1 -1 -1 -1 
.  .  .  .  .  
.  2  .C 0  .  
.  .  .  .  .  
.  .  1  .  .  
.  .  .  .  .  
Carrot Type: 1

Policy:
-1 -1 -1 -1 -1 0.989144 -1 -1 -1 -1 -1 -1 -1 -1 -1 -1 -1 -1 -1 -1 -1 -1 -1 -1 -1 -1 -1 -1 -1 -1 -1 -1 -1 -1 -1 -1 -1 -1 -1 -1 -1 -1 -1 -1 -1 -1 -1 -1 -1 -1 -1 -1 -1 -1 -1 -1 -1 -1 -1 0.0108564 -1 -1 -1 -1 -1 -1 -1 -1 -1 -1 -1 -1 -1 -1 -1 
.  .  .  .  .  
0  2  .C .  .  
.  .  .  .  .  
.  .  1  .  .  
.  .  .  .  .  
Carrot Type: 1

Policy:
-1 -1 -1 -1 -1 -1 -1 1 8.31296e-08 9.47582e-08 -1 -1 -1 -1 -1 -1 -1 -1 -1 -1 -1 -1 -1 7.0256e-10 -1 -1 -1 -1 -1 -1 -1 -1 -1 -1 -1 -1 -1 -1 -1 -1 -1 -1 -1 -1 -1 -1 -1 -1 -1 -1 -1 -1 -1 -1 -1 -1 -1 -1 -1 -1 -1 -1 -1 -1 -1 -1 -1 -1 -1 -1 -1 -1 -1 -1 -1 
.  .  .  .  .  
.  2  0C .  .  
.  .  .  .  .  
.  .  1  .  .  
.  .  .  .  .  
Carrot Type: 1

Policy:
-1 -1 -1 -1 -1 2.49797e-07 -1 -1 -1 -1 -1 -1 -1 -1 -1 -1 -1 -1 -1 -1 -1 -1 0.999888 -1 -1 -1 -1 1.47645e-07 -1 -1 -1 -1 -1 -1 -1 -1 -1 -1 -1 -1 -1 -1 -1 -1 -1 -1 -1 -1 -1 -1 -1 -1 -1 -1 -1 -1 -1 -1 8.49189e-05 2.70994e-05 -1 -1 -1 -1 -1 -1 -1 -1 -1 -1 -1 -1 -1 -1 -1 
.  .  .  .  .  
.  2  .C .  .  
.  .  .  .  .  
.  .  1  .  .  
.  .  0  .  .  
Carrot Type: 1

Policy:
-1 -1 3.80418e-09 -1 -1 -1 -1 9.82325e-07 -1 -1 -1 -1 0.999999 -1 -1 -1 -1 -1 -1 -1 -1 -1 -1 -1 -1 -1 -1 -1 -1 -1 -1 -1 -1 -1 -1 -1 -1 -1 -1 -1 -1 -1 -1 -1 -1 -1 -1 -1 -1 -1 -1 -1 -1 -1 -1 -1 -1 -1 -1 -1 -1 -1 -1 -1 -1 -1 -1 -1 -1 -1 -1 -1 -1 -1 -1 
.  .  .  .  .  
.  2  .C .  .  
.  .  0  .  .  
.  .  1  .  .  
.  .  .  .  .  
Carrot Type: 1

Policy:
6.94475e-08 -1 -1 -1 -1 -1 -1 -1 -1 -1 -1 -1 -1 -1 -1 -1 -1 -1 -1 -1 -1 -1 0.00317048 -1 -1 -1 -1 1.31084e-05 -1 -1 -1 -1 0.964178 -1 -1 -1 -1 -1 -1 -1 -1 -1 -1 -1 -1 -1 -1 -1 -1 -1 -1 -1 -1 -1 -1 -1 -1 -1 -1 -1 -1 -1 -1 -1 -1 -1 -1 -1 0.0326009 -1 -1 -1 -1 -1 3.76979e-05 
.  .  .  .  .  
.  2  1  .  .  
.  .  0  .  .C 
.  .  .  .  .  
.  .  .  .  .  
Carrot Type: 0

Policy:
1.25232e-06 -1 2.18278e-05 -1 -1 -1 -1 -1 -1 -1 -1 -1 -1 -1 -1 -1 -1 -1 -1 -1 -1 -1 -1 -1 -1 -1 -1 -1 -1 -1 2.86122e-06 -1 -1 -1 -1 -1 -1 -1 -1 -1 -1 -1 0.000195944 -1 -1 -1 -1 3.63444e-06 -1 -1 -1 -1 -1 -1 -1 -1 -1 -1 0.000152329 0.984172 -1 -1 -1 -1 -1 -1 -1 -1 0.0135584 -1 -1 -1 -1 -1 0.00189155 
.  .  .  .  .  
.  .  1  .  2  
.  .  0  .  .C 
.  .  .  .  .  
.  .  .  .  .  
Carrot Type: 0

Policy:
-1 -1 3.07164e-06 -1 -1 -1 -1 -1 -1 -1 -1 -1 -1 -1 -1 -1 -1 -1 -1 -1 -1 -1 -1 -1 -1 -1 -1 -1 -1 -1 -1 -1 -1 -1 -1 -1 -1 -1 -1 -1 -1 -1 0.999531 -1 -1 -1 -1 3.83731e-06 -1 -1 -1 -1 -1 -1 -1 0.00033579 0.000126048 -1 -1 -1 -1 -1 -1 -1 -1 -1 -1 -1 -1 -1 -1 -1 -1 -1 -1 
.  .  .  .  .  
.  .  .  .  2  
.  .  0  .  .C 
.  .  1  .  .  
.  .  .  .  .  
Carrot Type: 0

Policy:
-1 -1 -1 -1 -1 -1 -1 -1 -1 -1 -1 -1 -1 -1 -1 -1 -1 -1 -1 -1 -1 -1 6.91753e-08 -1 -1 -1 -1 3.36864e-11 -1 -1 -1 -1 2.32454e-07 -1 -1 -1 -1 -1 -1 -1 -1 -1 -1 -1 -1 -1 -1 -1 -1 -1 -1 -1 -1 -1 -1 -1 -1 -1 -1 -1 -1 -1 -1 -1 -1 -1 -1 -1 -1 -1 -1 1 -1 -1 -1 
.  .  .  .  .  
.  .  .  .  .  
.  .  0  .  .C 
.  .  1  .  .  
.  2  .  .  .  
Carrot Type: 0

Policy:
-1 -1 -1 -1 -1 -1 -1 -1 -1 -1 -1 -1 -1 -1 -1 -1 -1 -1 -1 -1 -1 -1 4.95141e-11 -1 -1 -1 -1 5.54451e-16 -1 -1 -1 -1 1.03057e-15 -1 -1 -1 -1 -1 -1 -1 -1 -1 -1 -1 -1 -1 -1 -1 -1 -1 -1 -1 -1 -1 -1 -1 -1 -1 -1 1.85193e-10 -1 -1 -1 1 -1 -1 -1 -1 -1 -1 -1 -1 -1 -1 -1 
.  .  .  .  .  
.  .  .  .  .  
.  .  0  2  .C 
.  .  1  .  .  
.  .  .  .  .  
Carrot Type: 0

Policy:
-1 -1 -1 -1 -1 -1 -1 -1 -1 -1 -1 -1 -1 -1 0.971852 -1 -1 -1 -1 -1 -1 -1 0.000133472 -1 -1 -1 -1 1.95678e-08 -1 -1 -1 -1 0.0279861 -1 7.6318e-06 -1 -1 -1 -1 -1 -1 -1 -1 -1 -1 -1 -1 -1 -1 -1 -1 -1 -1 -1 -1 -1 -1 -1 -1 -1 1.09325e-05 9.71163e-06 -1 -1 -1 -1 -1 -1 -1 -1 -1 1.17052e-07 -1 -1 -1 
.  .  .  .  .  
.  .  .  .  .  
.  .  .  2  0  
.  .  1  .  .  
.  .  .  .C .  
Carrot Type: 0

Policy:
-1 -1 -1 -1 -1 -1 -1 -1 -1 -1 1.6531e-05 0.999323 0.000658434 -1 -1 -1 -1 -1 -1 -1 -1 -1 -1 -1 -1 -1 -1 -1 -1 -1 -1 -1 -1 -1 1.38781e-06 -1 -1 -1 -1 -1 -1 -1 -1 -1 -1 -1 -1 -1 -1 -1 -1 -1 -1 -1 -1 -1 -1 -1 -1 -1 -1 -1 -1 -1 -1 -1 -1 -1 -1 -1 -1 5.91123e-07 -1 -1 -1 
.  .  .  .  .  
.  .  .  .  .  
.  0  .  2  .  
.  .  1  .  .  
.  .  .  .C .  
Carrot Type: 0

Policy:
-1 -1 -1 -1 -1 -1 -1 -1 -1 -1 -1 -1 -1 -1 0.00557958 -1 -1 -1 -1 -1 -1 -1 -1 0.994254 -1 -1 -1 -1 -1 -1 9.62904e-07 -1 -1 -1 5.36246e-07 -1 -1 -1 -1 -1 -1 -1 -1 -1 -1 -1 -1 -1 -1 -1 -1 -1 -1 -1 -1 -1 -1 -1 -1 -1 1.97524e-06 -1 -1 -1 -1 -1 -1 -1 -1 -1 -1 0.000162514 -1 -1 -1 
.  .  .C .  .  
.  .  .  .  .  
.  .  .  2  .  
.  .  1  .  .  
.  .  .  0  .  
Carrot Type: 2

Policy:
-1 -1 -1 0.000405891 -1 2.25434e-06 -1 -1 0.00208153 -1 -1 0.99726 -1 -1 -1 -1 -1 -1 -1 -1 -1 -1 -1 -1 -1 -1 -1 -1 -1 -1 -1 -1 -1 -1 9.98944e-06 -1 -1 -1 -1 -1 -1 -1 -1 -1 -1 -1 -1 -1 -1 -1 -1 -1 -1 -1 -1 -1 -1 -1 -1 -1 -1 -1 -1 -1 -1 -1 -1 -1 -1 -1 -1 0.000240039 -1 -1 -1 
.  .  .C .  .  
.  .  .  .  .  
.  0  .  2  .  
.  .  1  .  .  
.  .  .  .  .  
Carrot Type: 2

Policy:
-1 -1 -1 -1 -1 -1 -1 -1 -1 -1 -1 -1 -1 -1 0.989978 -1 -1 -1 -1 -1 -1 -1 -1 0.00753683 -1 -1 -1 -1 -1 -1 2.23801e-07 -1 -1 -1 0.00025163 -1 -1 -1 -1 -1 -1 -1 -1 -1 -1 -1 -1 -1 -1 -1 -1 -1 -1 -1 -1 -1 -1 -1 -1 -1 0.00218278 -1 -1 -1 -1 -1 -1 -1 -1 -1 -1 5.03041e-05 -1 -1 -1 
.  .  .C .  .  
.  .  .  .  .  
.  .  .  2  0  
.  .  1  .  .  
.  .  .  .  .  
Carrot Type: 2

Policy:
-1 -1 -1 -1 -1 -1 -1 -1 -1 -1 1.63075e-08 6.09603e-06 0.999994 -1 -1 -1 -1 -1 -1 -1 -1 -1 -1 -1 -1 -1 -1 -1 -1 -1 -1 -1 -1 -1 1.9034e-09 -1 -1 -1 -1 -1 -1 -1 -1 -1 -1 -1 -1 -1 -1 -1 -1 -1 -1 -1 -1 -1 -1 -1 -1 -1 -1 -1 -1 -1 -1 -1 -1 -1 -1 -1 -1 3.63286e-12 -1 -1 -1 
.  .  .C .  .  
.  .  .  .  .  
.  .  0  2  .  
.  .  1  .  .  
.  .  .  .  .  
Carrot Type: 2

Policy:
-1 -1 -1 -1 -1 -1 -1 -1 -1 -1 -1 -1 -1 -1 7.13285e-08 -1 -1 -1 -1 -1 -1 -1 2.15953e-06 -1 -1 -1 -1 8.93862e-12 -1 -1 -1 -1 0.999997 -1 5.7062e-07 -1 -1 -1 -1 -1 -1 -1 -1 -1 -1 -1 -1 -1 -1 -1 -1 -1 -1 -1 -1 -1 -1 -1 -1 -1 4.01567e-09 2.27248e-07 -1 -1 -1 -1 -1 -1 -1 -1 -1 2.10738e-09 -1 -1 -1 
.  .  .C .  .  
.  .  1  .  .  
.  .  0  2  .  
.  .  .  .  .  
.  .  .  .  .  
Carrot Type: 2

Policy:
-1 -1 3.21325e-05 -1 -1 -1 -1 -1 -1 -1 -1 -1 -1 -1 2.54117e-09 -1 -1 -1 -1 -1 -1 -1 -1 -1 -1 -1 -1 -1 -1 -1 -1 -1 -1 -1 -1 -1 -1 -1 -1 -1 -1 -1 5.09058e-06 -1 4.79095e-06 -1 -1 4.64351e-09 -1 -1 -1 0.999958 -1 -1 -1 -1 -1 -1 -1 -1 3.93556e-09 3.60999e-07 -1 -1 -1 -1 -1 -1 -1 -1 -1 -1 -1 -1 -1 
.  2  .C .  .  
.  .  1  .  .  
.  .  0  .  .  
.  .  .  .  .  
.  .  .  .  .  
Carrot Type: 2

Policy:
-1 -1 0.999994 -1 -1 -1 -1 -1 -1 -1 -1 -1 -1 -1 -1 -1 -1 -1 -1 -1 -1 -1 -1 -1 -1 -1 -1 -1 -1 -1 -1 -1 -1 -1 -1 -1 -1 -1 -1 -1 -1 -1 1.93469e-11 -1 -1 -1 -1 4.08269e-09 -1 -1 -1 -1 -1 -1 -1 -1 -1 -1 -1 -1 -1 -1 -1 5.01119e-06 -1 -1 -1 -1 -1 1.09845e-06 -1 -1 -1 -1 -1 
.  2  0C .  .  
.  .  1  .  .  
.  .  .  .  .  
.  .  .  .  .  
.  .  .  .  .  
Carrot Type: 2

Policy:
0.999814 -1 -1 -1 -1 -1 -1 -1 -1 -1 -1 -1 8.35064e-08 -1 -1 -1 -1 1.53195e-05 -1 -1 -1 -1 1.24332e-06 -1 -1 -1 -1 -1 -1 -1 -1 -1 -1 -1 -1 -1 -1 -1 -1 -1 -1 -1 -1 -1 -1 -1 -1 -1 -1 -1 -1 -1 -1 1.59819e-05 0.000151815 -1 -1 -1 -1 -1 -1 -1 -1 1.35157e-06 -1 -1 -1 -1 -1 3.96355e-09 -1 -1 -1 -1 -1 
0  2  .C .  .  
.  .  1  .  .  
.  .  .  .  .  
.  .  .  .  .  
.  .  .  .  .  
Carrot Type: 2

Policy:
-1 -1 0.000472188 0.999528 1.81119e-08 -1 -1 -1 -1 -1 -1 -1 -1 -1 -1 -1 -1 -1 -1 -1 -1 -1 -1 -1 -1 -1 -1 -1 -1 -1 -1 -1 -1 -1 -1 -1 -1 -1 -1 -1 -1 -1 -1 -1 -1 -1 -1 -1 -1 -1 -1 -1 -1 -1 -1 -1 -1 -1 -1 -1 -1 -1 -1 3.148e-12 -1 -1 -1 -1 -1 1.33813e-12 -1 -1 -1 -1 -1 
.  2  .C 0  .  
.  .  1  .  .  
.  .  .  .  .  
.  .  .  .  .  
.  .  .  .  .  
Carrot Type: 2

Policy:
0.000102488 -1 -1 -1 -1 -1 -1 -1 -1 -1 -1 6.72385e-05 -1 -1 -1 1.71317e-07 -1 -1 -1 -1 -1 -1 -1 -1 -1 -1 -1 -1 -1 -1 -1 -1 -1 -1 -1 -1 -1 -1 -1 -1 -1 -1 -1 -1 -1 -1 -1 -1 -1 -1 -1 -1 -1 -1 0.999685 -1 -1 -1 -1 -1 -1 -1 -1 0.000145223 -1 -1 -1 -1 -1 7.2778e-09 -1 -1 -1 -1 -1 
.  .  .C 0  2  
.  .  1  .  .  
.  .  .  .  .  
.  .  .  .  .  
.  .  .  .  .  
Carrot Type: 2

Policy:
-1 -1 -1 -1 -1 -1 -1 -1 -1 -1 -1 3.6123e-08 -1 -1 -1 5.6888e-10 -1 -1 -1 -1 -1 -1 -1 -1 -1 -1 -1 -1 -1 -1 -1 -1 -1 -1 -1 -1 -1 -1 -1 -1 -1 -1 -1 -1 -1 -1 -1 -1 -1 -1 7.38395e-08 0.000103372 0.999897 -1 -1 -1 -1 -1 -1 -1 -1 -1 -1 -1 -1 -1 -1 -1 -1 -1 -1 -1 -1 -1 -1 
.  .  2  0  .  
.  .  1  .  .  
.  .C .  .  .  
.  .  .  .  .  
.  .  .  .  .  
Carrot Type: 2

Policy:
0.000102006 0.000109352 -1 -1 -1 -1 -1 -1 -1 -1 -1 0.968378 -1 -1 -1 3.42175e-07 -1 -1 -1 -1 -1 -1 -1 -1 -1 -1 -1 -1 -1 -1 -1 -1 -1 -1 -1 -1 -1 -1 -1 -1 -1 -1 -1 -1 -1 -1 -1 -1 -1 -1 -1 -1 -1 -1 0.0313961 -1 -1 -1 -1 -1 -1 -1 2.66752e-06 -1 -1 -1 -1 1.98143e-06 -1 -1 -1 -1 9.25619e-06 -1 -1 
.  .  2  .  .  
.  .  1  .  .  
.  0C .  .  .  
.  .  .  .  .  
.  .  .  .  .  
Carrot Type: 2

Policy:
-1 -1 -1 0.000796571 -1 -1 -1 -1 -1 -1 -1 -1 -1 -1 -1 -1 -1 -1 -1 -1 -1 -1 -1 -1 -1 -1 -1 -1 -1 -1 -1 -1 -1 -1 -1 -1 -1 -1 -1 -1 6.80719e-07 -1 -1 -1 -1 -1 -1 -1 -1 -1 -1 -1 -1 -1 -1 -1 -1 -1 -1 -1 -1 -1 0.998736 -1 -1 -1 -1 6.41232e-07 -1 -1 -1 -1 0.000466354 -1 -1 
.  .  .  .  .  
.  .  1  .  .  
.  0C 2  .  .  
.  .  .  .  .  
.  .  .  .  .  
Carrot Type: 2

Policy:
-1 -1 -1 1.33277e-05 -1 -1 -1 -1 -1 -1 -1 -1 -1 0.987484 4.38684e-05 -1 -1 -1 -1 -1 -1 -1 -1 -1 -1 -1 -1 -1 -1 -1 -1 -1 -1 -1 -1 -1 -1 -1 -1 -1 6.96993e-07 -1 3.8217e-06 -1 -1 -1 -1 1.36604e-06 -1 -1 -1 -1 7.39021e-05 -1 -1 -1 -1 -1 -1 -1 0.0123793 -1 -1 -1 -1 -1 -1 -1 -1 -1 -1 -1 -1 -1 -1 
.  .  .  .  .  
.  .  1  .  .  
.  .C 2  0  .  
.  .  .  .  .  
.  .  .  .  .  
Carrot Type: 2

Policy:
-1 4.44654e-05 -1 -1 -1 -1 -1 -1 -1 -1 1.77497e-05 3.01158e-06 -1 -1 -1 -1 -1 -1 -1 -1 -1 -1 -1 -1 -1 -1 -1 -1 -1 -1 -1 -1 -1 -1 -1 -1 -1 -1 -1 -1 -1 -1 6.67765e-06 -1 8.78201e-08 -1 -1 2.04426e-07 -1 -1 -1 -1 4.69463e-06 -1 -1 -1 -1 -1 -1 -1 -1 -1 -1 -1 0.999923 -1 -1 -1 -1 -1 -1 -1 -1 -1 -1 
.  .  .  .  .  
.  .  1  .  .  
.  .C .  0  2  
.  .  .  .  .  
.  .  .  .  .  
Carrot Type: 2

Policy:
-1 2.02592e-13 -1 -1 -1 -1 -1 -1 -1 -1 -1 -1 -1 -1 -1 -1 -1 -1 -1 -1 -1 -1 -1 -1 -1 -1 -1 -1 -1 -1 -1 -1 -1 -1 -1 -1 -1 -1 -1 -1 -1 -1 -1 -1 1.17074e-17 -1 -1 -1 -1 -1 -1 -1 -1 -1 -1 -1 -1 -1 -1 -1 1.6245e-12 1 4.49097e-10 -1 -1 -1 -1 -1 -1 -1 -1 -1 -1 -1 -1 
.  .  .  .  .  
.  .  1  .  .  
.  2  .  0  .  
.C .  .  .  .  
.  .  .  .  .  
Carrot Type: 0

Policy:
-1 0.833735 -1 -1 -1 -1 -1 -1 -1 -1 0.160767 -1 -1 -1 -1 -1 -1 -1 -1 -1 -1 -1 -1 -1 -1 -1 -1 -1 -1 -1 -1 -1 -1 -1 -1 -1 -1 -1 -1 -1 0.00509357 -1 -1 -1 0.000397633 -1 -1 -1 -1 -1 -1 -1 -1 3.14248e-07 -1 -1 -1 -1 -1 -1 -1 -1 -1 -1 6.83653e-06 -1 -1 -1 -1 -1 -1 -1 -1 -1 -1 
.  0  .  .  .  
.  .  1  .  .  
.  2  .  .  .  
.C .  .  .  .  
.  .  .  .  .  
Carrot Type: 0

Policy:
-1 -1 -1 -1 -1 -1 -1 -1 -1 -1 -1 -1 -1 0.000971604 -1 -1 0.996116 -1 -1 0.00147691 -1 0.00126146 -1 -1 -1 -1 -1 -1 -1 -1 -1 -1 -1 -1 -1 -1 -1 -1 -1 -1 0.000161841 -1 -1 -1 -1 -1 -1 -1 -1 -1 -1 -1 -1 1.19472e-05 -1 -1 -1 -1 -1 -1 -1 -1 -1 -1 -1 -1 -1 -1 -1 -1 -1 -1 -1 -1 -1 
.  .  .  .  .  
.  .  1  .  .  
.  2  .  .  .  
.C 0  .  .  .  
.  .  .  .  .  
Carrot Type: 0

Policy:
-1 0.00645494 -1 -1 -1 -1 0.00709668 -1 -1 -1 -1 -1 -1 -1 -1 -1 -1 -1 -1 -1 -1 -1 -1 -1 -1 -1 -1 -1 -1 -1 -1 -1 -1 -1 -1 -1 -1 -1 -1 -1 0.986441 -1 -1 -1 -1 -1 -1 -1 -1 -1 -1 -1 -1 4.79002e-06 -1 -1 -1 -1 -1 -1 -1 -1 -1 -1 -1 -1 -1 -1 -1 -1 -1 2.61999e-06 -1 -1 -1 
.  .  .  .  .  
.  .  .  .  .  
.  2  .  .  .  
1C 0  .  .  .  
.  .  .  .  .  
Carrot Type: 0

Policy:
-1 7.28295e-08 -1 -1 -1 -1 1.47079e-08 -1 -1 -1 -1 -1 -1 -1 -1 -1 -1 -1 -1 -1 -1 -1 -1 -1 -1 -1 -1 -1 8.14139e-07 -1 -1 -1 0.0543569 -1 -1 -1 -1 -1 -1 -1 -1 -1 0.945641 4.00088e-07 1.10051e-06 -1 -1 -1 -1 -1 -1 -1 -1 -1 -1 -1 -1 -1 -1 -1 -1 -1 -1 -1 -1 -1 -1 -1 -1 -1 -1 2.46066e-12 -1 -1 -1 
.  .  .  .  .  
.  .  .  .  .  
.  2  .  .  .  
.C 0  1  .  .  
.  .  .  .  .  
Carrot Type: 0

Policy:
-1 7.11003e-07 -1 -1 -1 -1 1.8591e-06 -1 -1 -1 -1 -1 -1 -1 -1 -1 -1 -1 0.999334 0.000662199 -1 -1 -1 -1 -1 -1 -1 -1 -1 -1 4.74372e-10 -1 -1 -1 -1 -1 -1 -1 -1 -1 1.43828e-06 -1 -1 -1 -1 -1 -1 -1 -1 -1 -1 -1 -1 -1 -1 -1 -1 -1 -1 -1 -1 -1 -1 -1 -1 -1 -1 -1 -1 -1 -1 1.00657e-08 -1 2.10256e-10 -1 
.  .  .  .  .  
.  .  .  .  .  
.  2  .  .  .  
.C .  1  0  .  
.  .  .  .  .  
Carrot Type: 0

Policy:
-1 -1 -1 -1 -1 -1 -1 -1 -1 -1 -1 -1 -1 -1 -1 0.997086 0.00291363 -1 -1 -1 -1 -1 -1 -1 -1 -1 -1 -1 -1 -1 9.04972e-13 -1 -1 -1 -1 -1 -1 -1 -1 -1 -1 -1 -1 -1 7.09196e-07 -1 -1 -1 -1 -1 -1 -1 -1 -1 -1 -1 -1 -1 -1 -1 -1 -1 -1 -1 -1 -1 -1 -1 -1 -1 -1 -1 -1 3.90453e-11 -1 
.  .  .  .  .  
.  .  .  .  .  
.  2  .C .  .  
0  .  1  .  .  
.  .  .  .  .  
Carrot Type: 0

Policy:
-1 -1 -1 1.45803e-05 -1 -1 -1 0.999983 -1 -1 -1 -1 -1 -1 -1 -1 -1 -1 4.99758e-08 1.9298e-06 -1 -1 -1 -1 -1 -1 -1 -1 -1 -1 2.80808e-08 -1 -1 -1 -1 -1 -1 -1 -1 -1 -1 -1 -1 -1 -1 -1 -1 -1 -1 -1 -1 -1 -1 -1 -1 -1 -1 -1 -1 -1 -1 -1 -1 -1 -1 -1 -1 -1 -1 -1 -1 -1 -1 1.78664e-10 -1 
.  .  .  .  .  
.  .  0  .  .  
.  2  .C .  .  
.  .  1  .  .  
.  .  .  .  .  
Carrot Type: 0

Policy:
-1 -1 -1 -1 -1 -1 -1 -1 -1 -1 -1 -1 -1 -1 -1 1.76704e-08 -1 -1 -1 -1 -1 -1 0.999999 -1 -1 -1 -1 4.77483e-07 -1 -1 1.02733e-08 -1 -1 -1 -1 -1 -1 -1 -1 -1 -1 -1 -1 -1 -1 -1 -1 -1 -1 -1 -1 -1 -1 7.57045e-10 -1 -1 -1 -1 -1 -1 -1 -1 -1 -1 -1 -1 -1 -1 -1 -1 -1 -1 -1 4.35418e-09 -1 
.  .  .  .  .  
.  .  .  .  .  
.  2  .C .  .  
.  .  1  .  .  
.  .  0  .  .  
Carrot Type: 0

Policy:
-1 -1 7.82798e-07 -1 -1 -1 -1 1.16316e-07 -1 -1 -1 -1 0.999999 -1 -1 -1 -1 -1 -1 -1 -1 -1 -1 -1 -1 -1 -1 -1 -1 -1 4.54927e-11 -1 -1 -1 -1 -1 -1 -1 -1 -1 -1 -1 -1 -1 -1 -1 -1 -1 -1 -1 -1 -1 -1 -1 -1 -1 -1 -1 -1 -1 -1 -1 -1 -1 -1 -1 -1 -1 -1 -1 -1 -1 -1 9.15521e-10 -1 
.  .  .  .  .  
.  .  .  .  .  
.  2  0  .  .  
.C .  1  .  .  
.  .  .  .  .  
Carrot Type: 0

Policy:
-1 -1 -1 -1 -1 -1 -1 -1 -1 -1 8.03523e-05 -1 -1 -1 -1 -1 -1 -1 -1 -1 -1 -1 0.999873 -1 -1 -1 -1 3.09899e-09 -1 -1 2.58733e-06 -1 1.66498e-05 -1 -1 -1 -1 -1 -1 -1 -1 -1 -1 -1 -1 -1 -1 -1 -1 -1 -1 -1 -1 -1 -1 -1 -1 -1 -1 -1 -1 -1 -1 1.11679e-05 9.53128e-08 -1 -1 -1 -1 -1 -1 -1 -1 1.63276e-05 -1 
.  .  .  .  .  
.  .  .  .  .  
.  2  .  .  .  
.C .  1  .  .  
.  .  0  .  .  
Carrot Type: 0

Policy:
-1 -1 5.15327e-07 -1 -1 -1 -1 0.999996 -1 -1 -1 -1 2.81071e-06 -1 -1 -1 -1 -1 -1 -1 -1 -1 -1 -1 -1 -1 -1 -1 -1 -1 3.03271e-09 -1 -1 -1 -1 -1 -1 -1 -1 -1 -1 -1 -1 -1 -1 -1 -1 -1 -1 -1 -1 -1 -1 -1 -1 -1 -1 -1 -1 -1 -1 -1 -1 -1 -1 -1 -1 -1 -1 -1 -1 -1 -1 1.14984e-06 -1 
.  .  .  .  .  
.  .  0  .  .  
.  2  .  .  .  
.C .  1  .  .  
.  .  .  .  .  
Carrot Type: 0

Policy:
-1 -1 -1 -1 -1 -1 -1 -1 -1 -1 -1 -1 -1 -1 -1 1 -1 -1 -1 -1 -1 -1 5.68347e-09 -1 -1 -1 -1 4.29034e-13 -1 -1 7.65349e-12 -1 -1 -1 -1 -1 -1 -1 -1 -1 -1 -1 -1 -1 -1 -1 -1 -1 -1 -1 -1 -1 -1 3.63819e-11 -1 -1 -1 -1 -1 -1 -1 -1 -1 -1 -1 -1 -1 -1 -1 -1 -1 -1 -1 1.39924e-11 -1 
.  .  .  .  .  
.  .  .  .  .  
.  2  .  .  .C 
0  .  1  .  .  
.  .  .  .  .  
Carrot Type: 0

Policy:
-1 -1 -1 8.43766e-05 -1 -1 -1 0.999821 -1 -1 -1 -1 -1 -1 -1 -1 -1 -1 5.46011e-05 3.97368e-05 -1 -1 -1 -1 -1 -1 -1 -1 -1 -1 2.40328e-10 -1 -1 -1 -1 -1 -1 -1 -1 -1 -1 -1 -1 -1 -1 -1 -1 -1 -1 -1 -1 -1 -1 -1 -1 -1 -1 -1 -1 -1 -1 -1 -1 -1 -1 -1 -1 -1 -1 -1 -1 -1 -1 1.39038e-08 -1 
.  .  .  .  .  
.  .  0  .  .  
.  2  .  .  .C 
.  .  1  .  .  
.  .  .  .  .  
Carrot Type: 0

Policy:
-1 -1 -1 -1 -1 -1 -1 -1 -1 -1 -1 -1 -1 -1 -1 5.16026e-06 -1 -1 -1 -1 -1 -1 0.999994 -1 -1 -1 -1 9.76957e-07 -1 -1 3.80973e-08 -1 -1 -1 -1 -1 -1 -1 -1 -1 -1 -1 -1 -1 -1 -1 -1 -1 -1 -1 -1 -1 -1 2.59785e-10 -1 -1 -1 -1 -1 -1 -1 -1 -1 -1 -1 -1 -1 -1 -1 -1 -1 -1 -1 1.81554e-07 -1 
.  .  .  .  .  
.  .  .  .  .  
.  2  .  .  .C 
.  .  1  .  .  
.  .  0  .  .  
Carrot Type: 0

Policy:
-1 -1 2.55614e-08 -1 -1 -1 -1 7.28376e-08 -1 -1 -1 -1 0.999978 -1 -1 -1 -1 -1 -1 -1 -1 -1 -1 -1 -1 -1 -1 -1 -1 -1 1.2525e-12 -1 -1 -1 -1 -1 -1 -1 -1 -1 -1 -1 -1 -1 -1 -1 -1 -1 -1 -1 -1 -1 -1 -1 -1 -1 -1 -1 -1 -1 -1 -1 -1 -1 -1 -1 -1 -1 -1 -1 -1 -1 -1 2.23511e-05 -1 
.  .  .  .  .  
.  .  .  .  .  
.  2  0  .  .C 
.  .  1  .  .  
.  .  .  .  .  
Carrot Type: 0

Policy:
-1 -1 -1 -1 -1 -1 -1 -1 -1 -1 2.05228e-09 -1 -1 -1 -1 -1 -1 -1 -1 -1 -1 -1 3.74031e-10 -1 -1 -1 -1 5.09159e-12 -1 -1 1.07047e-12 -1 1.96311e-05 -1 -1 -1 -1 -1 -1 -1 -1 -1 -1 -1 -1 -1 -1 -1 -1 -1 -1 -1 -1 -1 -1 -1 -1 -1 -1 -1 -1 -1 -1 0.99998 1.75732e-09 -1 -1 -1 -1 -1 -1 -1 -1 1.73631e-10 -1 
.  .  .  .  .  
.  .  .  .  .  
.  .  0  2  .C 
.  .  1  .  .  
.  .  .  .  .  
Carrot Type: 0

Policy:
-1 -1 -1 -1 -1 -1 -1 -1 -1 -1 -1 -1 -1 -1 0.99992 -1 -1 -1 -1 -1 -1 -1 7.06653e-06 -1 -1 -1 -1 1.50228e-08 -1 -1 -1 -1 7.02968e-05 -1 4.63364e-07 -1 -1 -1 -1 -1 -1 -1 -1 -1 -1 -1 -1 -1 -1 -1 -1 -1 -1 -1 -1 -1 -1 -1 -1 -1 1.17811e-06 8.99347e-07 -1 -1 -1 -1 -1 -1 -1 -1 -1 3.65151e-07 -1 -1 -1 
.  .  .  .  .  
.  .  .  .  .  
.  .  .  2  0  
.  .  1C .  .  
.  .  .  .  .  
Carrot Type: 2

Policy:
-1 -1 -1 -1 -1 -1 -1 -1 -1 -1 1.11672e-06 6.48593e-08 0.999999 -1 -1 -1 -1 -1 -1 -1 -1 -1 -1 -1 -1 -1 -1 -1 -1 -1 -1 -1 -1 -1 9.04846e-08 -1 -1 -1 -1 -1 -1 -1 -1 -1 -1 -1 -1 -1 -1 -1 -1 -1 -1 -1 -1 -1 -1 -1 -1 -1 -1 -1 -1 -1 -1 -1 -1 -1 -1 -1 -1 1.3566e-10 -1 -1 -1 
.  .  .  .  .  
.  .  .  .  .  
.  .  0  2  .  
.  .  1C .  .  
.  .  .  .  .  
Carrot Type: 2

Policy:
-1 -1 -1 -1 -1 -1 -1 -1 -1 -1 -1 -1 -1 -1 7.63555e-07 -1 -1 -1 -1 -1 -1 -1 1.06009e-07 -1 -1 -1 -1 2.25443e-08 -1 -1 -1 -1 0.998248 -1 5.5808e-07 -1 -1 -1 -1 -1 -1 -1 -1 -1 -1 -1 -1 -1 -1 -1 -1 -1 -1 -1 -1 -1 -1 -1 -1 -1 4.14992e-06 0.00174518 -1 -1 -1 -1 -1 -1 -1 -1 -1 1.52052e-06 -1 -1 -1 
.  .  .  .  .  
.  .  1  .  .  
.  .  0  2  .  
.  .  .C .  .  
.  .  .  .  .  
Carrot Type: 2

Policy:
-1 -1 1.4099e-07 -1 -1 -1 -1 -1 -1 -1 -1 -1 -1 -1 5.83268e-09 -1 -1 -1 -1 -1 -1 -1 -1 -1 -1 -1 -1 -1 -1 -1 -1 -1 -1 -1 -1 -1 -1 -1 -1 -1 -1 -1 1.09886e-09 -1 1.14649e-06 -1 -1 3.26863e-10 -1 -1 -1 0.999969 -1 -1 -1 -1 -1 -1 -1 -1 9.7334e-08 2.9193e-05 -1 -1 -1 -1 -1 -1 -1 -1 -1 -1 -1 -1 -1 
.  2  .  .  .  
.  .  1  .  .  
.  .  0  .  .  
.  .  .C .  .  
.  .  .  .  .  
Carrot Type: 2

Policy:
-1 -1 0.000192529 -1 -1 -1 -1 -1 -1 -1 -1 -1 -1 -1 -1 -1 -1 -1 -1 -1 -1 -1 -1 -1 -1 -1 -1 -1 -1 -1 -1 -1 -1 -1 -1 -1 -1 -1 -1 -1 -1 -1 2.14322e-09 -1 -1 -1 -1 1.18361e-08 -1 -1 -1 -1 -1 -1 -1 -1 -1 -1 -1 -1 -1 -1 -1 1.28895e-05 -1 -1 -1 -1 -1 0.999795 -1 -1 -1 -1 -1 
.  .  .  .  .  
.  .  1  .  .  
.  .  0  .  .  
.  .  .C .  2  
.  .  .  .  .  
Carrot Type: 2

Policy:
-1 -1 0.0209454 -1 -1 -1 -1 -1 -1 -1 -1 -1 -1 -1 -1 -1 -1 -1 -1 -1 -1 -1 -1 -1 -1 -1 -1 -1 -1 -1 -1 -1 -1 -1 -1 -1 -1 -1 -1 -1 -1 -1 0.405328 -1 -1 -1 -1 4.26065e-05 -1 -1 -1 0.573684 -1 -1 -1 -1 -1 -1 -1 -1 -1 -1 -1 -1 -1 -1 -1 -1 -1 -1 -1 -1 -1 -1 -1 
.  2  .  .  .  
.  .  1  .  .  
.  .  0  .  .  
.  .  .C .  .  
.  .  .  .  .  
Carrot Type: 2

Policy:
-1 -1 0.00057222 -1 -1 -1 -1 -1 -1 -1 -1 -1 -1 -1 -1 -1 -1 -1 -1 -1 -1 -1 -1 -1 -1 -1 -1 -1 -1 -1 -1 -1 -1 -1 -1 -1 -1 -1 -1 -1 -1 -1 8.68737e-09 -1 -1 -1 -1 1.70387e-08 -1 -1 -1 -1 -1 -1 -1 -1 -1 -1 -1 -1 -1 -1 -1 0.000392142 -1 -1 -1 -1 -1 0.999036 -1 -1 -1 -1 -1 
.  .  .  .  .  
.  .  1  .  .  
.  .  0  .  .  
.  .  .C .  2  
.  .  .  .  .  
Carrot Type: 2

Policy:
-1 -1 0.0169315 -1 -1 -1 -1 -1 -1 -1 -1 -1 -1 -1 -1 -1 -1 -1 -1 -1 -1 -1 -1 -1 -1 -1 -1 -1 -1 -1 -1 -1 -1 -1 -1 -1 -1 -1 -1 -1 -1 -1 0.489081 -1 -1 -1 -1 4.05009e-05 -1 -1 -1 0.493947 -1 -1 -1 -1 -1 -1 -1 -1 -1 -1 -1 -1 -1 -1 -1 -1 -1 -1 -1 -1 -1 -1 -1 
.  .  .  .  .  
.  .  .  .  .  
.  .  0  .  .  
.  .  1C .  2  
.  .  .  .  .  
Carrot Type: 2

Policy:
-1 -1 -1 -1 -1 -1 -1 -1 -1 -1 -1 -1 -1 -1 -1 -1 -1 -1 -1 -1 -1 -1 7.14798e-08 -1 -1 -1 -1 8.94244e-07 -1 -1 -1 -1 0.000186236 -1 -1 -1 -1 -1 -1 -1 -1 -1 -1 -1 -1 -1 -1 -1 -1 -1 -1 -1 -1 -1 -1 -1 -1 -1 -1 -1 -1 -1 -1 -1 -1 1.95615e-06 0.999811 -1 -1 -1 -1 -1 -1 -1 -1 
.  .  .  .  .  
.  .  .  .  .  
.  .  0  .  .  
.  2  1C .  .  
.  .  .  .  .  
Carrot Type: 2

Policy:
-1 -1 -1 -1 -1 -1 -1 -1 -1 -1 -1 -1 -1 -1 -1 -1 -1 -1 -1 -1 2.30857e-07 -1 9.42837e-09 -1 -1 -1 -1 4.21656e-09 -1 -1 -1 -1 1.94714e-06 -1 -1 -1 -1 -1 -1 -1 0.999868 -1 -1 -1 -1 -1 -1 -1 -1 -1 -1 -1 -1 -1 2.29142e-06 -1 -1 -1 4.15673e-07 -1 -1 -1 -1 -1 -1 -1 -1 -1 0.000125689 9.2619e-07 -1 -1 -1 -1 -1 
.  .  .  .  .  
.  .  .  .  .  
.  .  0  .  .  
1  2  .C .  .  
.  .  .  .  .  
Carrot Type: 2

Policy:
-1 -1 -1 -1 -1 -1 -1 -1 -1 -1 -1 -1 -1 -1 -1 -1 -1 -1 -1 -1 1.81467e-07 -1 -1 -1 -1 -1 -1 -1 -1 -1 -1 -1 -1 -1 -1 -1 -1 -1 -1 -1 -1 -1 2.48561e-05 0.999972 2.3917e-06 -1 -1 -1 -1 -1 -1 -1 -1 -1 4.09389e-07 -1 -1 -1 3.17175e-07 -1 -1 -1 -1 -1 -1 -1 -1 -1 -1 -1 -1 -1 -1 -1 -1 
.  .  .  .  .  
.  .  .  .  .  
.  .  0  .  .  
.  2  .C 1  .  
.  .  .  .  .  
Carrot Type: 2

Policy:
-1 -1 -1 -1 -1 -1 -1 -1 -1 -1 -1 -1 -1 -1 -1 -1 -1 -1 -1 -1 1.58655e-05 -1 -1 -1 5.24414e-06 0.000262157 -1 -1 -1 -1 -1 0.00058962 -1 -1 -1 -1 -1 -1 -1 -1 0.00491997 -1 -1 -1 -1 -1 -1 -1 -1 -1 -1 -1 -1 -1 1.02965e-05 -1 -1 -1 3.84114e-06 -1 -1 -1 -1 -1 -1 -1 -1 -1 -1 0.994193 -1 -1 -1 -1 -1 
.  .  .  .  .  
.  .  .  .  .  
.  .  0  .  .  
.  .  .C 1  2  
.  .  .  .  .  
Carrot Type: 2

Policy:
-1 -1 -1 -1 -1 -1 -1 -1 -1 -1 -1 -1 -1 -1 -1 -1 -1 -1 -1 -1 -1 -1 -1 -1 4.44167e-07 4.66615e-07 -1 -1 -1 -1 -1 6.55705e-08 -1 -1 -1 -1 -1 -1 -1 -1 -1 -1 -1 -1 -1 -1 -1 -1 -1 -1 -1 -1 -1 -1 -1 -1 -1 -1 -1 -1 -1 -1 -1 -1 -1 4.35407e-08 0.000464043 0.999535 -1 -1 -1 -1 -1 -1 -1 
.  .  .  .  .C 
.  .  .  .  .  
.  .  0  .  .  
.  .  2  1  .  
.  .  .  .  .  
Carrot Type: 1

Policy:
-1 -1 -1 -1 -1 -1 -1 -1 -1 -1 -1 -1 -1 -1 -1 -1 -1 -1 -1 -1 -1 -1 0.000582265 -1 0.000813303 0.00130148 -1 -1 -1 -1 -1 0.000136245 -1 -1 -1 -1 -1 -1 -1 -1 2.0092e-07 0.00037772 -1 -1 -1 -1 -1 -1 -1 -1 -1 -1 0.842751 -1 -1 -1 -1 0.0719834 -1 -1 -1 -1 -1 -1 -1 -1 -1 -1 -1 0.0820548 -1 -1 -1 -1 -1 
.  .  2  .  .C 
.  .  .  .  .  
.  .  0  .  .  
.  .  .  1  .  
.  .  .  .  .  
Carrot Type: 1

Policy:
-1 -1 -1 -1 -1 -1 -1 -1 -1 -1 -1 -1 -1 -1 -1 -1 -1 -1 -1 -1 -1 -1 -1 -1 0.00122209 0.139917 -1 -1 -1 -1 -1 0.385317 -1 -1 -1 -1 -1 -1 -1 -1 -1 -1 -1 -1 -1 -1 -1 -1 -1 -1 -1 -1 -1 -1 -1 -1 -1 -1 -1 -1 -1 -1 -1 -1 -1 -1 -1 0.320702 -1 -1 -1 -1 0.152841 -1 -1 
.  .  2  .  .C 
.  1  .  .  .  
.  .  0  .  .  
.  .  .  .  .  
.  .  .  .  .  
Carrot Type: 1

Policy:
0.00360734 -1 -1 -1 -1 -1 -1 -1 -1 -1 -1 -1 -1 -1 -1 -1 -1 -1 -1 -1 -1 -1 -1 -1 -1 -1 -1 -1 -1 -1 -1 -1 -1 -1 -1 -1 -1 -1 -1 -1 -1 -1 -1 0.0413499 -1 -1 -1 -1 -1 0.00584905 -1 -1 -1 -1 -1 -1 -1 -1 -1 -1 0.694515 -1 -1 -1 -1 -1 -1 0.0188893 -1 -1 -1 -1 0.23579 -1 -1 
.  .  .  .  .C 
.  1  .  .  .  
2  .  0  .  .  
.  .  .  .  .  
.  .  .  .  .  
Carrot Type: 1

Policy:
0.00015676 -1 -1 -1 -1 -1 -1 -1 -1 -1 -1 -1 -1 -1 -1 -1 -1 -1 -1 -1 -1 -1 -1 -1 -1 -1 -1 -1 -1 -1 -1 -1 -1 -1 -1 -1 -1 -1 -1 -1 -1 -1 -1 0.0249922 -1 -1 -1 -1 -1 0.00160533 -1 -1 0.00446516 -1 -1 -1 -1 -1 -1 -1 -1 -1 -1 0.959863 0.00891802 -1 -1 -1 -1 -1 -1 -1 -1 -1 -1 
.  .  .  .  .C 
.  1  .  .  .  
.  .  0  2  .  
.  .  .  .  .  
.  .  .  .  .  
Carrot Type: 1

Policy:
6.35013e-07 -1 -1 -1 -1 -1 -1 -1 -1 -1 -1 -1 -1 -1 1.28491e-07 -1 -1 -1 -1 -1 -1 -1 -1 -1 -1 -1 -1 -1 -1 -1 -1 -1 -1 -1 -1 -1 -1 -1 -1 -1 -1 -1 -1 1.43253e-05 -1 -1 -1 -1 -1 2.9997e-07 -1 -1 -1 -1 -1 -1 -1 -1 -1 -1 5.54376e-09 0.999985 -1 -1 -1 -1 -1 -1 -1 -1 -1 -1 -1 -1 -1 
.  .  .  .  .C 
.  1  .  .  .  
.  2  0  .  .  
.  .  .  .  .  
.  .  .  .  .  
Carrot Type: 1

Policy:
1.23639e-07 -1 -1 -1 -1 -1 -1 -1 -1 -1 2.00711e-07 -1 -1 -1 -1 -1 -1 -1 -1 -1 -1 -1 -1 -1 -1 -1 -1 -1 -1 -1 -1 -1 -1 -1 -1 -1 -1 -1 -1 -1 -1 0.997878 -1 1.02233e-06 -1 -1 9.73781e-06 -1 -1 1.05937e-06 -1 0.00210932 -1 -1 -1 -1 -1 -1 -1 -1 -1 -1 -1 2.36994e-08 3.77116e-08 -1 -1 -1 -1 -1 -1 -1 -1 -1 -1 
.  .  .  .  .C 
.  .  .  .  .  
.  2  0  .  .  
.  1  .  .  .  
.  .  .  .  .  
Carrot Type: 1

Policy:
-1 -1 -1 -1 -1 -1 -1 -1 -1 -1 9.5815e-08 -1 -1 -1 -1 -1 -1 -1 -1 -1 5.80808e-06 -1 -1 -1 -1 -1 0.000398938 -1 -1 0.999045 -1 0.000459415 -1 9.04434e-05 -1 -1 -1 -1 -1 -1 -1 -1 -1 -1 -1 -1 -1 -1 -1 -1 -1 -1 -1 -1 -1 -1 -1 -1 -1 -1 -1 -1 -1 3.40368e-10 6.48135e-09 -1 -1 -1 -1 -1 -1 2.03861e-09 -1 -1 -1 
.  .  .  .  1  
.  .  .  .  .  
.  2  0  .  .  
.  .  .  .C .  
.  .  .  .  .  
Carrot Type: 2

Policy:
-1 -1 -1 -1 -1 -1 -1 -1 -1 -1 4.66531e-06 -1 -1 -1 -1 -1 -1 -1 -1 -1 -1 -1 -1 -1 -1 -1 -1 -1 -1 -1 -1 -1 -1 -1 -1 -1 -1 -1 -1 -1 -1 0.999079 -1 -1 -1 0.000687589 -1 -1 -1 -1 -1 -1 -1 -1 -1 -1 -1 -1 -1 -1 -1 -1 -1 1.98852e-06 0.000226299 -1 -1 -1 -1 -1 -1 -1 -1 -1 -1 
.  .  .  .  .  
.  .  .  .  .  
.  2  0  .  .  
.  1  .  .C .  
.  .  .  .  .  
Carrot Type: 2

Policy:
-1 -1 -1 -1 -1 -1 -1 -1 -1 -1 1.16788e-08 -1 -1 -1 -1 -1 -1 -1 -1 -1 4.09354e-06 -1 -1 -1 -1 -1 0.00068226 -1 -1 7.54951e-06 -1 0.999303 -1 3.09767e-06 -1 -1 -1 -1 -1 -1 -1 -1 -1 -1 -1 -1 -1 -1 -1 -1 -1 -1 -1 -1 -1 -1 -1 -1 -1 -1 -1 -1 -1 2.21891e-09 5.33189e-08 -1 -1 -1 -1 -1 -1 2.90457e-09 -1 -1 -1 
.  .  .  .  .  
.  1  .  .  .  
.  2  0  .  .  
.  .  .  .C .  
.  .  .  .  .  
Carrot Type: 2

Policy:
1.60716e-07 -1 -1 -1 -1 -1 -1 -1 -1 -1 7.65039e-10 -1 -1 -1 -1 -1 -1 -1 -1 -1 -1 -1 -1 -1 -1 -1 -1 -1 -1 -1 -1 -1 -1 -1 -1 -1 -1 -1 -1 -1 -1 1.85159e-06 -1 1.89272e-06 -1 -1 5.63789e-06 -1 -1 7.59433e-08 -1 0.99999 -1 -1 -1 -1 -1 -1 -1 -1 -1 -1 -1 2.27988e-09 9.00317e-09 -1 -1 -1 -1 -1 -1 -1 -1 -1 -1 
.  2  .  .  .  
.  1  .  .  .  
.  .  0  .  .  
.  .  .  .C .  
.  .  .  .  .  
Carrot Type: 2

Policy:
4.01358e-05 -1 -1 -1 -1 -1 -1 -1 -1 -1 -1 -1 -1 -1 -1 -1 -1 -1 -1 -1 -1 -1 -1 -1 -1 -1 -1 -1 -1 -1 -1 -1 -1 -1 -1 -1 -1 -1 -1 -1 -1 -1 -1 2.00516e-05 -1 -1 -1 -1 -1 4.33787e-08 -1 -1 -1 -1 -1 -1 -1 -1 -1 -1 -1 6.67413e-07 -1 -1 -1 -1 0.999939 -1 -1 -1 -1 1.56712e-11 -1 -1 -1 
